0 info it worked if it ends with ok
1 verbose cli [ '/Users/lincolnphu/.nvm/versions/node/v4.4.4/bin/node',
1 verbose cli   '/Users/lincolnphu/.nvm/versions/node/v4.4.4/bin/npm',
1 verbose cli   'run',
1 verbose cli   'tsc.w' ]
2 info using npm@2.15.1
3 info using node@v4.4.4
4 verbose stack Error: missing script: tsc.w
4 verbose stack     at run (/Users/lincolnphu/.nvm/versions/node/v4.4.4/lib/node_modules/npm/lib/run-script.js:142:19)
4 verbose stack     at /Users/lincolnphu/.nvm/versions/node/v4.4.4/lib/node_modules/npm/lib/run-script.js:58:5
4 verbose stack     at /Users/lincolnphu/.nvm/versions/node/v4.4.4/lib/node_modules/npm/node_modules/read-package-json/read-json.js:345:5
4 verbose stack     at checkBinReferences_ (/Users/lincolnphu/.nvm/versions/node/v4.4.4/lib/node_modules/npm/node_modules/read-package-json/read-json.js:309:45)
4 verbose stack     at final (/Users/lincolnphu/.nvm/versions/node/v4.4.4/lib/node_modules/npm/node_modules/read-package-json/read-json.js:343:3)
4 verbose stack     at then (/Users/lincolnphu/.nvm/versions/node/v4.4.4/lib/node_modules/npm/node_modules/read-package-json/read-json.js:113:5)
4 verbose stack     at ReadFileContext.<anonymous> (/Users/lincolnphu/.nvm/versions/node/v4.4.4/lib/node_modules/npm/node_modules/read-package-json/read-json.js:284:20)
4 verbose stack     at ReadFileContext.callback (/Users/lincolnphu/.nvm/versions/node/v4.4.4/lib/node_modules/npm/node_modules/graceful-fs/graceful-fs.js:78:16)
4 verbose stack     at FSReqWrap.readFileAfterOpen [as oncomplete] (fs.js:303:13)
5 verbose cwd /Users/lincolnphu/Desktop/lincolnphu.github.io/angular/app
6 error Darwin 15.4.0
7 error argv "/Users/lincolnphu/.nvm/versions/node/v4.4.4/bin/node" "/Users/lincolnphu/.nvm/versions/node/v4.4.4/bin/npm" "run" "tsc.w"
8 error node v4.4.4
9 error npm  v2.15.1
10 error missing script: tsc.w
11 error If you need help, you may report this error at:
11 error     <https://github.com/npm/npm/issues>
12 verbose exit [ 1, true ]
